###############################
Build of Optiboot für 16000000 Hz (16.00 Mhz) Betrieb
 .o build : OK!
 x.elf build : OK!
 baudcheck.tmp.sh build : OK!
 avr-size run : OK!
 avr-objdump run : OK!
optiboot for atmega8 with AVR atmega8
Parameter Settings:
AVR_FREQ=
BAUD_RATE=115200
UART=0
LED_START_FLASHES=3
LED_DATA_FLASH=
LED=B5
SUPPORT_EEPROM=1
ISP=
SOFT_UART=
UART_RX=D0
UART_TX=D1
C_SOURCE= ,SOURCE_TYPE=S
BIGBOOT=0
VIRTUAL_BOOT_PARTITION=0
TIMEOUT_MS=
OSCCAL_CORR=
FORCE_RSTDISBL=
save_vect_num=
 
Bootloader use 512 Bytes of Flash,
so the Application must use less than 0x1E00 Bytes of Flash 
