###############################
Build of Optiboot for [93m16000000 Hz (16.00 Mhz) operation(B[m
 .o build : OK!
 x.elf build : OK!
 baudcheck.tmp.sh build : OK!
 avr-size run : OK!
 avr-objdump run : OK!
optiboot for atmega328p with AVR atmega328p
Parameter Settings:
AVR_FREQ=
BAUD_RATE=115200
UART=0
LED_START_FLASHES=0
LED_DATA_FLASH=0
LED=
SUPPORT_EEPROM=1
ISP=
SOFT_UART=
UART_RX=D0
UART_TX=D1
C_SOURCE= ,SOURCE_TYPE=S
BIGBOOT=0
VIRTUAL_BOOT_PARTITION=0
TIMEOUT_MS=
OSCCAL_CORR=
FORCE_RSTDISBL=
save_vect_num=
 
Bootloader use 512 Bytes of Flash,
so the Application must use less than 0x7E00 Bytes of Flash 
