This is pdfTeX, Version 3.14159265-2.6-1.40.18 (TeX Live 2017/Debian) (preloaded format=pdflatex 2019.4.9)  8 MAR 2021 01:14
entering extended mode
 \write18 enabled.
 %&-line parsing enabled.
**ttinfo.tex
(./ttinfo.tex
LaTeX2e <2017-04-15>
Babel <3.18> and hyphenation patterns for 84 language(s) loaded.
(/usr/share/texlive/texmf-dist/tex/latex/base/report.cls
Document Class: report 2014/09/29 v1.4h Standard LaTeX document class
(/usr/share/texlive/texmf-dist/tex/latex/base/size12.clo
File: size12.clo 2014/09/29 v1.4h Standard LaTeX file (size option)
)
\c@part=\count79
\c@chapter=\count80
\c@section=\count81
\c@subsection=\count82
\c@subsubsection=\count83
\c@paragraph=\count84
\c@subparagraph=\count85
\c@figure=\count86
\c@table=\count87
\abovecaptionskip=\skip41
\belowcaptionskip=\skip42
\bibindent=\dimen102
)
(/usr/share/texlive/texmf-dist/tex/latex/preprint/fullpage.sty
Package: fullpage 1999/02/23 1.1 (PWD)
\FP@margin=\skip43
)
(/usr/share/texlive/texmf-dist/tex/generic/babel/babel.sty
Package: babel 2018/02/14 3.18 The Babel package

(/usr/share/texlive/texmf-dist/tex/generic/babel/switch.def
File: switch.def 2018/02/14 3.18 Babel switching mechanism
)
(/usr/share/texlive/texmf-dist/tex/generic/babel-english/english.ldf
Language: english 2017/06/06 v3.3r English support from the babel system

(/usr/share/texlive/texmf-dist/tex/generic/babel/babel.def
File: babel.def 2018/02/14 3.18 Babel common definitions
\babel@savecnt=\count88
\U@D=\dimen103

(/usr/share/texlive/texmf-dist/tex/generic/babel/txtbabel.def)
\bbl@dirlevel=\count89
)
\l@canadian = a dialect from \language\l@american 
\l@australian = a dialect from \language\l@british 
\l@newzealand = a dialect from \language\l@british 
))
(/usr/share/texlive/texmf-dist/tex/latex/graphics/graphicx.sty
Package: graphicx 2017/06/01 v1.1a Enhanced LaTeX Graphics (DPC,SPQR)

(/usr/share/texlive/texmf-dist/tex/latex/graphics/keyval.sty
Package: keyval 2014/10/28 v1.15 key=value parser (DPC)
\KV@toks@=\toks14
)
(/usr/share/texlive/texmf-dist/tex/latex/graphics/graphics.sty
Package: graphics 2017/06/25 v1.2c Standard LaTeX Graphics (DPC,SPQR)

(/usr/share/texlive/texmf-dist/tex/latex/graphics/trig.sty
Package: trig 2016/01/03 v1.10 sin cos tan (DPC)
)
(/usr/share/texlive/texmf-dist/tex/latex/graphics-cfg/graphics.cfg
File: graphics.cfg 2016/06/04 v1.11 sample graphics configuration
)
Package graphics Info: Driver file: pdftex.def on input line 99.

(/usr/share/texlive/texmf-dist/tex/latex/graphics-def/pdftex.def
File: pdftex.def 2018/01/08 v1.0l Graphics/color driver for pdftex
))
\Gin@req@height=\dimen104
\Gin@req@width=\dimen105
)
(/usr/share/texlive/texmf-dist/tex/latex/caption/caption.sty
Package: caption 2016/02/21 v3.3-144 Customizing captions (AR)

(/usr/share/texlive/texmf-dist/tex/latex/caption/caption3.sty
Package: caption3 2016/05/22 v1.7-166 caption3 kernel (AR)
Package caption3 Info: TeX engine: e-TeX on input line 67.
\captionmargin=\dimen106
\captionmargin@=\dimen107
\captionwidth=\dimen108
\caption@tempdima=\dimen109
\caption@indent=\dimen110
\caption@parindent=\dimen111
\caption@hangindent=\dimen112
)
\c@ContinuedFloat=\count90
)
(/usr/share/texlive/texmf-dist/tex/latex/caption/subcaption.sty
Package: subcaption 2016/05/22 v1.1-161 Sub-captions (AR)
\c@subfigure=\count91
\c@subtable=\count92
)
(/usr/share/texlive/texmf-dist/tex/latex/graphics/color.sty
Package: color 2016/07/10 v1.1e Standard LaTeX Color (DPC)

(/usr/share/texlive/texmf-dist/tex/latex/graphics-cfg/color.cfg
File: color.cfg 2016/01/02 v1.6 sample color configuration
)
Package color Info: Driver file: pdftex.def on input line 147.
)
(/usr/share/texlive/texmf-dist/tex/latex/oberdiek/epstopdf.sty
Package: epstopdf 2016/05/15 v2.6 Conversion with epstopdf on the fly (HO)

(/usr/share/texlive/texmf-dist/tex/latex/oberdiek/epstopdf-base.sty
Package: epstopdf-base 2016/05/15 v2.6 Base part for package epstopdf

(/usr/share/texlive/texmf-dist/tex/generic/oberdiek/infwarerr.sty
Package: infwarerr 2016/05/16 v1.4 Providing info/warning/error messages (HO)
)
(/usr/share/texlive/texmf-dist/tex/latex/oberdiek/grfext.sty
Package: grfext 2016/05/16 v1.2 Manage graphics extensions (HO)

(/usr/share/texlive/texmf-dist/tex/generic/oberdiek/kvdefinekeys.sty
Package: kvdefinekeys 2016/05/16 v1.4 Define keys (HO)

(/usr/share/texlive/texmf-dist/tex/generic/oberdiek/ltxcmds.sty
Package: ltxcmds 2016/05/16 v1.23 LaTeX kernel commands for general use (HO)
)))
(/usr/share/texlive/texmf-dist/tex/latex/oberdiek/kvoptions.sty
Package: kvoptions 2016/05/16 v3.12 Key value format for package options (HO)

(/usr/share/texlive/texmf-dist/tex/generic/oberdiek/kvsetkeys.sty
Package: kvsetkeys 2016/05/16 v1.17 Key value parser (HO)

(/usr/share/texlive/texmf-dist/tex/generic/oberdiek/etexcmds.sty
Package: etexcmds 2016/05/16 v1.6 Avoid name clashes with e-TeX commands (HO)

(/usr/share/texlive/texmf-dist/tex/generic/oberdiek/ifluatex.sty
Package: ifluatex 2016/05/16 v1.4 Provides the ifluatex switch (HO)
Package ifluatex Info: LuaTeX not detected.
)
Package etexcmds Info: Could not find \expanded.
(etexcmds)             That can mean that you are not using pdfTeX 1.50 or
(etexcmds)             that some package has redefined \expanded.
(etexcmds)             In the latter case, load this package earlier.
)))
(/usr/share/texlive/texmf-dist/tex/generic/oberdiek/pdftexcmds.sty
Package: pdftexcmds 2018/01/21 v0.26 Utility functions of pdfTeX for LuaTeX (HO
)

(/usr/share/texlive/texmf-dist/tex/generic/oberdiek/ifpdf.sty
Package: ifpdf 2017/03/15 v3.2 Provides the ifpdf switch
)
Package pdftexcmds Info: LuaTeX not detected.
Package pdftexcmds Info: \pdf@primitive is available.
Package pdftexcmds Info: \pdf@ifprimitive is available.
Package pdftexcmds Info: \pdfdraftmode found.
)
Package epstopdf-base Info: Redefining graphics rule for `.eps' on input line 4
38.
Package grfext Info: Graphics extension search list:
(grfext)             [.pdf,.png,.jpg,.mps,.jpeg,.jbig2,.jb2,.PDF,.PNG,.JPG,.JPE
G,.JBIG2,.JB2,.eps]
(grfext)             \AppendGraphicsExtensions on input line 456.

(/usr/share/texlive/texmf-dist/tex/latex/latexconfig/epstopdf-sys.cfg
File: epstopdf-sys.cfg 2010/07/13 v1.3 Configuration of (r)epstopdf for TeX Liv
e
)))
(/usr/share/texlive/texmf-dist/tex/latex/hyperref/hyperref.sty
Package: hyperref 2018/02/06 v6.86b Hypertext links for LaTeX

(/usr/share/texlive/texmf-dist/tex/generic/oberdiek/hobsub-hyperref.sty
Package: hobsub-hyperref 2016/05/16 v1.14 Bundle oberdiek, subset hyperref (HO)


(/usr/share/texlive/texmf-dist/tex/generic/oberdiek/hobsub-generic.sty
Package: hobsub-generic 2016/05/16 v1.14 Bundle oberdiek, subset generic (HO)
Package: hobsub 2016/05/16 v1.14 Construct package bundles (HO)
Package hobsub Info: Skipping package `infwarerr' (already loaded).
Package hobsub Info: Skipping package `ltxcmds' (already loaded).
Package hobsub Info: Skipping package `ifluatex' (already loaded).
Package: ifvtex 2016/05/16 v1.6 Detect VTeX and its facilities (HO)
Package ifvtex Info: VTeX not detected.
Package: intcalc 2016/05/16 v1.2 Expandable calculations with integers (HO)
Package hobsub Info: Skipping package `ifpdf' (already loaded).
Package hobsub Info: Skipping package `etexcmds' (already loaded).
Package hobsub Info: Skipping package `kvsetkeys' (already loaded).
Package hobsub Info: Skipping package `kvdefinekeys' (already loaded).
Package hobsub Info: Skipping package `pdftexcmds' (already loaded).
Package: pdfescape 2016/05/16 v1.14 Implements pdfTeX's escape features (HO)
Package: bigintcalc 2016/05/16 v1.4 Expandable calculations on big integers (HO
)
Package: bitset 2016/05/16 v1.2 Handle bit-vector datatype (HO)
Package: uniquecounter 2016/05/16 v1.3 Provide unlimited unique counter (HO)
)
Package hobsub Info: Skipping package `hobsub' (already loaded).
Package: letltxmacro 2016/05/16 v1.5 Let assignment for LaTeX macros (HO)
Package: hopatch 2016/05/16 v1.3 Wrapper for package hooks (HO)
Package: xcolor-patch 2016/05/16 xcolor patch
Package: atveryend 2016/05/16 v1.9 Hooks at the very end of document (HO)
Package atveryend Info: \enddocument detected (standard20110627).
Package: atbegshi 2016/06/09 v1.18 At begin shipout hook (HO)
Package: refcount 2016/05/16 v3.5 Data extraction from label references (HO)
Package: hycolor 2016/05/16 v1.8 Color options for hyperref/bookmark (HO)
)
(/usr/share/texlive/texmf-dist/tex/generic/ifxetex/ifxetex.sty
Package: ifxetex 2010/09/12 v0.6 Provides ifxetex conditional
)
(/usr/share/texlive/texmf-dist/tex/latex/oberdiek/auxhook.sty
Package: auxhook 2016/05/16 v1.4 Hooks for auxiliary files (HO)
)
\@linkdim=\dimen113
\Hy@linkcounter=\count93
\Hy@pagecounter=\count94

(/usr/share/texlive/texmf-dist/tex/latex/hyperref/pd1enc.def
File: pd1enc.def 2018/02/06 v6.86b Hyperref: PDFDocEncoding definition (HO)
)
\Hy@SavedSpaceFactor=\count95

(/usr/share/texlive/texmf-dist/tex/latex/latexconfig/hyperref.cfg
File: hyperref.cfg 2002/06/06 v1.2 hyperref configuration of TeXLive
)
Package hyperref Info: Hyper figures OFF on input line 4509.
Package hyperref Info: Link nesting OFF on input line 4514.
Package hyperref Info: Hyper index ON on input line 4517.
Package hyperref Info: Plain pages OFF on input line 4524.
Package hyperref Info: Backreferencing OFF on input line 4529.
Package hyperref Info: Implicit mode ON; LaTeX internals redefined.
Package hyperref Info: Bookmarks ON on input line 4762.
\c@Hy@tempcnt=\count96

(/usr/share/texlive/texmf-dist/tex/latex/url/url.sty
\Urlmuskip=\muskip10
Package: url 2013/09/16  ver 3.4  Verb mode for urls, etc.
)
LaTeX Info: Redefining \url on input line 5115.
\XeTeXLinkMargin=\dimen114
\Fld@menulength=\count97
\Field@Width=\dimen115
\Fld@charsize=\dimen116
Package hyperref Info: Hyper figures OFF on input line 6369.
Package hyperref Info: Link nesting OFF on input line 6374.
Package hyperref Info: Hyper index ON on input line 6377.
Package hyperref Info: backreferencing OFF on input line 6384.
Package hyperref Info: Link coloring OFF on input line 6389.
Package hyperref Info: Link coloring with OCG OFF on input line 6394.
Package hyperref Info: PDF/A mode OFF on input line 6399.
LaTeX Info: Redefining \ref on input line 6439.
LaTeX Info: Redefining \pageref on input line 6443.
\Hy@abspage=\count98
\c@Item=\count99
\c@Hfootnote=\count100
)
Package hyperref Info: Driver (autodetected): hpdftex.

(/usr/share/texlive/texmf-dist/tex/latex/hyperref/hpdftex.def
File: hpdftex.def 2018/02/06 v6.86b Hyperref driver for pdfTeX
\Fld@listcount=\count101
\c@bookmark@seq@number=\count102

(/usr/share/texlive/texmf-dist/tex/latex/oberdiek/rerunfilecheck.sty
Package: rerunfilecheck 2016/05/16 v1.8 Rerun checks for auxiliary files (HO)
Package uniquecounter Info: New unique counter `rerunfilecheck' on input line 2
82.
)
\Hy@SectionHShift=\skip44
)
(/usr/share/texlive/texmf-dist/tex/latex/float/float.sty
Package: float 2001/11/08 v1.3d Float enhancements (AL)
\c@float@type=\count103
\float@exts=\toks15
\float@box=\box26
\@float@everytoks=\toks16
\@floatcapt=\box27
) (./ttinfo.aux
(./BJT-transistors.aux) (./MOS-transistors.aux))
\openout1 = `ttinfo.aux'.

LaTeX Font Info:    Checking defaults for OML/cmm/m/it on input line 17.
LaTeX Font Info:    ... okay on input line 17.
LaTeX Font Info:    Checking defaults for T1/cmr/m/n on input line 17.
LaTeX Font Info:    ... okay on input line 17.
LaTeX Font Info:    Checking defaults for OT1/cmr/m/n on input line 17.
LaTeX Font Info:    ... okay on input line 17.
LaTeX Font Info:    Checking defaults for OMS/cmsy/m/n on input line 17.
LaTeX Font Info:    ... okay on input line 17.
LaTeX Font Info:    Checking defaults for OMX/cmex/m/n on input line 17.
LaTeX Font Info:    ... okay on input line 17.
LaTeX Font Info:    Checking defaults for U/cmr/m/n on input line 17.
LaTeX Font Info:    ... okay on input line 17.
LaTeX Font Info:    Checking defaults for PD1/pdf/m/n on input line 17.
LaTeX Font Info:    ... okay on input line 17.

(/usr/share/texlive/texmf-dist/tex/context/base/mkii/supp-pdf.mkii
[Loading MPS to PDF converter (version 2006.09.02).]
\scratchcounter=\count104
\scratchdimen=\dimen117
\scratchbox=\box28
\nofMPsegments=\count105
\nofMParguments=\count106
\everyMPshowfont=\toks17
\MPscratchCnt=\count107
\MPscratchDim=\dimen118
\MPnumerator=\count108
\makeMPintoPDFobject=\count109
\everyMPtoPDFconversion=\toks18
)
Package caption Info: Begin \AtBeginDocument code.
Package caption Info: float package is loaded.
Package caption Info: hyperref package is loaded.
Package caption Info: End \AtBeginDocument code.
\AtBeginShipoutBox=\box29
Package hyperref Info: Link coloring OFF on input line 17.
 (/usr/share/texlive/texmf-dist/tex/latex/hyperref/nameref.sty
Package: nameref 2016/05/21 v2.44 Cross-referencing by name of section

(/usr/share/texlive/texmf-dist/tex/generic/oberdiek/gettitlestring.sty
Package: gettitlestring 2016/05/16 v1.5 Cleanup title references (HO)
)
\c@section@level=\count110
)
LaTeX Info: Redefining \ref on input line 17.
LaTeX Info: Redefining \pageref on input line 17.
LaTeX Info: Redefining \nameref on input line 17.

(./ttinfo.out) (./ttinfo.out)
\@outlinefile=\write3
\openout3 = `ttinfo.out'.

LaTeX Font Info:    External font `cmex10' loaded for size
(Font)              <14.4> on input line 26.
LaTeX Font Info:    External font `cmex10' loaded for size
(Font)              <7> on input line 26.
 [1


Non-PDF special ignored!{/var/lib/texmf/fonts/map/pdftex/updmap/pdftex.map}]
(./ttinfo.toc)
\tf@toc=\write4
\openout4 = `ttinfo.toc'.

pdfTeX warning (ext4): destination with the same identifier (name{page.1}) has 
been already used, duplicate ignored
<to be read again> 
                   \relax 
l.29 \include{BJT-transistors}
                               [1

]
\openout2 = `BJT-transistors.aux'.

 (./BJT-transistors.tex
Chapter 1.


pdfTeX warning: pdflatex (file ../FIG/BJT_BC640.pdf): PDF inclusion: found PDF 
version <1.7>, but at most version <1.5> allowed
<../FIG/BJT_BC640.pdf, id=27, 190.7125pt x 249.93375pt>
File: ../FIG/BJT_BC640.pdf Graphic file (type pdf)
<use ../FIG/BJT_BC640.pdf>
Package pdftex.def Info: ../FIG/BJT_BC640.pdf  used on input line 8.
(pdftex.def)             Requested size: 256.0748pt x 335.63408pt.


pdfTeX warning: pdflatex (file ../FIG/BJT_BC639.pdf): PDF inclusion: found PDF 
version <1.7>, but at most version <1.5> allowed
<../FIG/BJT_BC639.pdf, id=28, 185.69376pt x 243.91125pt>
File: ../FIG/BJT_BC639.pdf Graphic file (type pdf)
<use ../FIG/BJT_BC639.pdf>
Package pdftex.def Info: ../FIG/BJT_BC639.pdf  used on input line 15.
(pdftex.def)             Requested size: 256.0748pt x 336.36713pt.

Overfull \hbox (7.83322pt too wide) in paragraph at lines 6--19
[][]   [] 
 []



pdfTeX warning: pdflatex (file ../FIG/BJT_AD161.pdf): PDF inclusion: found PDF 
version <1.7>, but at most version <1.5> allowed
<../FIG/BJT_AD161.pdf, id=29, 410.53375pt x 216.81pt>
File: ../FIG/BJT_AD161.pdf Graphic file (type pdf)
<use ../FIG/BJT_AD161.pdf>
Package pdftex.def Info: ../FIG/BJT_AD161.pdf  used on input line 25.
(pdftex.def)             Requested size: 410.53275pt x 216.80946pt.
[2


 <../FIG/BJT_BC640.pdf> <../FIG/BJT_BC639.pdf>]

pdfTeX warning: pdflatex (file ../FIG/BJT_AD162.pdf): PDF inclusion: found PDF 
version <1.7>, but at most version <1.5> allowed
<../FIG/BJT_AD162.pdf, id=46, 416.55624pt x 223.83624pt>
File: ../FIG/BJT_AD162.pdf Graphic file (type pdf)
<use ../FIG/BJT_AD162.pdf>
Package pdftex.def Info: ../FIG/BJT_AD162.pdf  used on input line 33.
(pdftex.def)             Requested size: 416.55522pt x 223.8357pt.


pdfTeX warning: pdflatex (file ../FIG/BJT_BC516.pdf): PDF inclusion: found PDF 
version <1.7>, but at most version <1.5> allowed
<../FIG/BJT_BC516.pdf, id=47, 182.6825pt x 281.05pt>
File: ../FIG/BJT_BC516.pdf Graphic file (type pdf)
<use ../FIG/BJT_BC516.pdf>
Package pdftex.def Info: ../FIG/BJT_BC516.pdf  used on input line 41.
(pdftex.def)             Requested size: 256.0748pt x 394.01622pt.


pdfTeX warning: pdflatex (file ../FIG/BJT_BC517.pdf): PDF inclusion: found PDF 
version <1.7>, but at most version <1.5> allowed
<../FIG/BJT_BC517.pdf, id=48, 182.6825pt x 281.05pt>
File: ../FIG/BJT_BC517.pdf Graphic file (type pdf)
<use ../FIG/BJT_BC517.pdf>
Package pdftex.def Info: ../FIG/BJT_BC517.pdf  used on input line 48.
(pdftex.def)             Requested size: 256.0748pt x 394.01622pt.

Overfull \hbox (7.83322pt too wide) in paragraph at lines 39--52
[][]   [] 
 []

[3 <../FIG/BJT_AD161.pdf> <../FIG/BJT_AD162.pdf>]

pdfTeX warning: pdflatex (file ../FIG/BJT_BU508D.pdf): PDF inclusion: found PDF
 version <1.7>, but at most version <1.5> allowed
<../FIG/BJT_BU508D.pdf, id=71, 235.88126pt x 199.74625pt>
File: ../FIG/BJT_BU508D.pdf Graphic file (type pdf)
<use ../FIG/BJT_BU508D.pdf>
Package pdftex.def Info: ../FIG/BJT_BU508D.pdf  used on input line 57.
(pdftex.def)             Requested size: 235.88068pt x 199.74576pt.


pdfTeX warning: pdflatex (file ../FIG/BJT_BDV64.pdf): PDF inclusion: found PDF 
version <1.7>, but at most version <1.5> allowed
<../FIG/BJT_BDV64.pdf, id=72, 182.6825pt x 284.06125pt>
File: ../FIG/BJT_BDV64.pdf Graphic file (type pdf)
<use ../FIG/BJT_BDV64.pdf>
Package pdftex.def Info: ../FIG/BJT_BDV64.pdf  used on input line 65.
(pdftex.def)             Requested size: 256.0748pt x 398.23781pt.


pdfTeX warning: pdflatex (file ../FIG/BJT_BDV65.pdf): PDF inclusion: found PDF 
version <1.7>, but at most version <1.5> allowed
<../FIG/BJT_BDV65.pdf, id=73, 182.6825pt x 284.06125pt>
File: ../FIG/BJT_BDV65.pdf Graphic file (type pdf)
<use ../FIG/BJT_BDV65.pdf>
Package pdftex.def Info: ../FIG/BJT_BDV65.pdf  used on input line 72.
(pdftex.def)             Requested size: 256.0748pt x 398.23781pt.

Overfull \hbox (7.83322pt too wide) in paragraph at lines 63--76
[][]   [] 
 []

) [4 <../FIG/BJT_BC516.pdf> <../FIG/BJT_BC517.pdf> <../FIG/BJT_BU508D.pdf>]
[5 <../FIG/BJT_BDV64.pdf> <../FIG/BJT_BDV65.pdf>]
\openout2 = `MOS-transistors.aux'.

 (./MOS-transistors.tex
Chapter 2.


pdfTeX warning: pdflatex (file ../FIG/MOS_BUZ71.pdf): PDF inclusion: found PDF 
version <1.7>, but at most version <1.5> allowed
<../FIG/MOS_BUZ71.pdf, id=112, 162.6075pt x 263.98625pt>
File: ../FIG/MOS_BUZ71.pdf Graphic file (type pdf)
<use ../FIG/MOS_BUZ71.pdf>
Package pdftex.def Info: ../FIG/MOS_BUZ71.pdf  used on input line 8.
(pdftex.def)             Requested size: 256.0748pt x 415.76039pt.


pdfTeX warning: pdflatex (file ../FIG/MOS_IRF5305.pdf): PDF inclusion: found PD
F version <1.7>, but at most version <1.5> allowed
<../FIG/MOS_IRF5305.pdf, id=113, 162.6075pt x 260.975pt>
File: ../FIG/MOS_IRF5305.pdf Graphic file (type pdf)
<use ../FIG/MOS_IRF5305.pdf>
Package pdftex.def Info: ../FIG/MOS_IRF5305.pdf  used on input line 15.
(pdftex.def)             Requested size: 256.0748pt x 411.0179pt.

Overfull \hbox (7.83322pt too wide) in paragraph at lines 6--19
[][]   [] 
 []



pdfTeX warning: pdflatex (file ../FIG/MOS_BSS169.pdf): PDF inclusion: found PDF
 version <1.7>, but at most version <1.5> allowed
<../FIG/MOS_BSS169.pdf, id=114, 235.88126pt x 214.8025pt>
File: ../FIG/MOS_BSS169.pdf Graphic file (type pdf)
<use ../FIG/MOS_BSS169.pdf>
Package pdftex.def Info: ../FIG/MOS_BSS169.pdf  used on input line 26.
(pdftex.def)             Requested size: 235.88068pt x 214.80197pt.
[6



 <../FIG/MOS_BUZ71.pdf> <../FIG/MOS_IRF5305.pdf>]

pdfTeX warning: pdflatex (file ../FIG/JFET_BF245.pdf): PDF inclusion: found PDF
 version <1.7>, but at most version <1.5> allowed
<../FIG/JFET_BF245.pdf, id=135, 170.6375pt x 169.63374pt>
File: ../FIG/JFET_BF245.pdf Graphic file (type pdf)
<use ../FIG/JFET_BF245.pdf>
Package pdftex.def Info: ../FIG/JFET_BF245.pdf  used on input line 34.
(pdftex.def)             Requested size: 256.0748pt x 254.58456pt.


pdfTeX warning: pdflatex (file ../FIG/JFET_J175.pdf): PDF inclusion: found PDF 
version <1.7>, but at most version <1.5> allowed
<../FIG/JFET_J175.pdf, id=136, 165.61874pt x 169.63374pt>
File: ../FIG/JFET_J175.pdf Graphic file (type pdf)
<use ../FIG/JFET_J175.pdf>
Package pdftex.def Info: ../FIG/JFET_J175.pdf  used on input line 41.
(pdftex.def)             Requested size: 256.0748pt x 262.32129pt.

Overfull \hbox (7.83322pt too wide) in paragraph at lines 32--45
[][]   [] 
 []

) [7 <../FIG/MOS_BSS169.pdf> <../FIG/JFET_BF245.pdf> <../FIG/JFET_J175.pdf>]
LaTeX Font Info:    External font `cmex10' loaded for size
(Font)              <12> on input line 60.
LaTeX Font Info:    External font `cmex10' loaded for size
(Font)              <8> on input line 60.
LaTeX Font Info:    External font `cmex10' loaded for size
(Font)              <6> on input line 60.
Missing character: There is no Ã in font cmti12!
Missing character: There is no ¤ in font cmti12!

Underfull \hbox (badness 10000) in paragraph at lines 66--71
[]\OT1/cmr/m/n/12 Wikipedia []$\OT1/cmtt/m/n/12 http : / / de . wikipedia . org
 / wiki / Equivalent _ Series _ Resistance$[] \OT1/cmr/m/it/12 Er-luterung
 []

Package atveryend Info: Empty hook `BeforeClearDocument' on input line 116.
[8


]
Package atveryend Info: Empty hook `AfterLastShipout' on input line 116.
 (./ttinfo.aux (./BJT-transistors.aux) (./MOS-transistors.aux))
Package atveryend Info: Executing hook `AtVeryEndDocument' on input line 116.
Package atveryend Info: Executing hook `AtEndAfterFileList' on input line 116.
Package rerunfilecheck Info: File `ttinfo.out' has not changed.
(rerunfilecheck)             Checksum: 2C0F0748076938ECF6F3A8D4CB675E58;134.
Package atveryend Info: Empty hook `AtVeryVeryEnd' on input line 116.
 ) 
Here is how much of TeX's memory you used:
 6918 strings out of 492982
 107481 string characters out of 6134897
 198621 words of memory out of 5000000
 10345 multiletter control sequences out of 15000+600000
 9486 words of font info for 34 fonts, out of 8000000 for 9000
 1141 hyphenation exceptions out of 8191
 42i,8n,41p,321b,472s stack positions out of 5000i,500n,10000p,200000b,80000s
</usr/share/texlive/texmf-dist/fonts/type1/public/amsfonts/cm/cmbx12.pfb></us
r/share/texlive/texmf-dist/fonts/type1/public/amsfonts/cm/cmr10.pfb></usr/share
/texlive/texmf-dist/fonts/type1/public/amsfonts/cm/cmr12.pfb></usr/share/texliv
e/texmf-dist/fonts/type1/public/amsfonts/cm/cmr17.pfb></usr/share/texlive/texmf
-dist/fonts/type1/public/amsfonts/cm/cmti12.pfb></usr/share/texlive/texmf-dist/
fonts/type1/public/amsfonts/cm/cmtt12.pfb>
Output written on ttinfo.pdf (9 pages, 208370 bytes).
PDF statistics:
 216 PDF objects out of 1000 (max. 8388607)
 164 compressed objects within 2 object streams
 34 named destinations out of 1000 (max. 500000)
 87 words of extra memory for PDF output out of 10000 (max. 10000000)

