This is pdfTeX, Version 3.14159265-2.6-1.40.18 (TeX Live 2017/Debian) (preloaded format=pdflatex 2019.4.9)  22 JUL 2020 13:51
entering extended mode
 \write18 enabled.
 %&-line parsing enabled.
**bootloader.tex
(./bootloader.tex
LaTeX2e <2017-04-15>
Babel <3.18> and hyphenation patterns for 84 language(s) loaded.
(/usr/share/texlive/texmf-dist/tex/latex/base/report.cls
Document Class: report 2014/09/29 v1.4h Standard LaTeX document class
(/usr/share/texlive/texmf-dist/tex/latex/base/size12.clo
File: size12.clo 2014/09/29 v1.4h Standard LaTeX file (size option)
)
\c@part=\count79
\c@chapter=\count80
\c@section=\count81
\c@subsection=\count82
\c@subsubsection=\count83
\c@paragraph=\count84
\c@subparagraph=\count85
\c@figure=\count86
\c@table=\count87
\abovecaptionskip=\skip41
\belowcaptionskip=\skip42
\bibindent=\dimen102
)
(/usr/share/texmf/tex/latex/lm/lmodern.sty
Package: lmodern 2009/10/30 v1.6 Latin Modern Fonts
LaTeX Font Info:    Overwriting symbol font `operators' in version `normal'
(Font)                  OT1/cmr/m/n --> OT1/lmr/m/n on input line 22.
LaTeX Font Info:    Overwriting symbol font `letters' in version `normal'
(Font)                  OML/cmm/m/it --> OML/lmm/m/it on input line 23.
LaTeX Font Info:    Overwriting symbol font `symbols' in version `normal'
(Font)                  OMS/cmsy/m/n --> OMS/lmsy/m/n on input line 24.
LaTeX Font Info:    Overwriting symbol font `largesymbols' in version `normal'
(Font)                  OMX/cmex/m/n --> OMX/lmex/m/n on input line 25.
LaTeX Font Info:    Overwriting symbol font `operators' in version `bold'
(Font)                  OT1/cmr/bx/n --> OT1/lmr/bx/n on input line 26.
LaTeX Font Info:    Overwriting symbol font `letters' in version `bold'
(Font)                  OML/cmm/b/it --> OML/lmm/b/it on input line 27.
LaTeX Font Info:    Overwriting symbol font `symbols' in version `bold'
(Font)                  OMS/cmsy/b/n --> OMS/lmsy/b/n on input line 28.
LaTeX Font Info:    Overwriting symbol font `largesymbols' in version `bold'
(Font)                  OMX/cmex/m/n --> OMX/lmex/m/n on input line 29.
LaTeX Font Info:    Overwriting math alphabet `\mathbf' in version `normal'
(Font)                  OT1/cmr/bx/n --> OT1/lmr/bx/n on input line 31.
LaTeX Font Info:    Overwriting math alphabet `\mathsf' in version `normal'
(Font)                  OT1/cmss/m/n --> OT1/lmss/m/n on input line 32.
LaTeX Font Info:    Overwriting math alphabet `\mathit' in version `normal'
(Font)                  OT1/cmr/m/it --> OT1/lmr/m/it on input line 33.
LaTeX Font Info:    Overwriting math alphabet `\mathtt' in version `normal'
(Font)                  OT1/cmtt/m/n --> OT1/lmtt/m/n on input line 34.
LaTeX Font Info:    Overwriting math alphabet `\mathbf' in version `bold'
(Font)                  OT1/cmr/bx/n --> OT1/lmr/bx/n on input line 35.
LaTeX Font Info:    Overwriting math alphabet `\mathsf' in version `bold'
(Font)                  OT1/cmss/bx/n --> OT1/lmss/bx/n on input line 36.
LaTeX Font Info:    Overwriting math alphabet `\mathit' in version `bold'
(Font)                  OT1/cmr/bx/it --> OT1/lmr/bx/it on input line 37.
LaTeX Font Info:    Overwriting math alphabet `\mathtt' in version `bold'
(Font)                  OT1/cmtt/m/n --> OT1/lmtt/m/n on input line 38.
)
(/usr/share/texlive/texmf-dist/tex/latex/base/fontenc.sty
Package: fontenc 2017/04/05 v2.0i Standard LaTeX package

(/usr/share/texlive/texmf-dist/tex/latex/base/t1enc.def
File: t1enc.def 2017/04/05 v2.0i Standard LaTeX file
LaTeX Font Info:    Redeclaring font encoding T1 on input line 48.
))
(/usr/share/texlive/texmf-dist/tex/latex/base/inputenc.sty
Package: inputenc 2015/03/17 v1.2c Input encoding file
\inpenc@prehook=\toks14
\inpenc@posthook=\toks15

(/usr/share/texlive/texmf-dist/tex/latex/ucs/utf8x.def
File: utf8x.def 2004/10/17 UCS: Input encoding UTF-8
))
(/usr/share/texlive/texmf-dist/tex/latex/ucs/ucs.sty
Package: ucs 2013/05/11 v2.2 UCS: Unicode input support

(/usr/share/texlive/texmf-dist/tex/latex/ucs/data/uni-global.def
File: uni-global.def 2013/05/13 UCS: Unicode global data
)
\uc@secondtry=\count88
\uc@combtoks=\toks16
\uc@combtoksb=\toks17
\uc@temptokena=\toks18
)
(/usr/share/texlive/texmf-dist/tex/latex/preprint/fullpage.sty
Package: fullpage 1999/02/23 1.1 (PWD)
\FP@margin=\skip43
)
(/usr/share/texlive/texmf-dist/tex/generic/babel/babel.sty
Package: babel 2018/02/14 3.18 The Babel package

(/usr/share/texlive/texmf-dist/tex/generic/babel/switch.def
File: switch.def 2018/02/14 3.18 Babel switching mechanism
)
(/usr/share/texlive/texmf-dist/tex/generic/babel-english/english.ldf
Language: english 2017/06/06 v3.3r English support from the babel system

(/usr/share/texlive/texmf-dist/tex/generic/babel/babel.def
File: babel.def 2018/02/14 3.18 Babel common definitions
\babel@savecnt=\count89
\U@D=\dimen103

(/usr/share/texlive/texmf-dist/tex/generic/babel/txtbabel.def)
\bbl@dirlevel=\count90
)
\l@canadian = a dialect from \language\l@american 
\l@australian = a dialect from \language\l@british 
\l@newzealand = a dialect from \language\l@british 
))
(/usr/share/texlive/texmf-dist/tex/latex/graphics/graphicx.sty
Package: graphicx 2017/06/01 v1.1a Enhanced LaTeX Graphics (DPC,SPQR)

(/usr/share/texlive/texmf-dist/tex/latex/graphics/keyval.sty
Package: keyval 2014/10/28 v1.15 key=value parser (DPC)
\KV@toks@=\toks19
)
(/usr/share/texlive/texmf-dist/tex/latex/graphics/graphics.sty
Package: graphics 2017/06/25 v1.2c Standard LaTeX Graphics (DPC,SPQR)

(/usr/share/texlive/texmf-dist/tex/latex/graphics/trig.sty
Package: trig 2016/01/03 v1.10 sin cos tan (DPC)
)
(/usr/share/texlive/texmf-dist/tex/latex/graphics-cfg/graphics.cfg
File: graphics.cfg 2016/06/04 v1.11 sample graphics configuration
)
Package graphics Info: Driver file: pdftex.def on input line 99.

(/usr/share/texlive/texmf-dist/tex/latex/graphics-def/pdftex.def
File: pdftex.def 2018/01/08 v1.0l Graphics/color driver for pdftex
))
\Gin@req@height=\dimen104
\Gin@req@width=\dimen105
)
(/usr/share/texlive/texmf-dist/tex/latex/caption/caption.sty
Package: caption 2016/02/21 v3.3-144 Customizing captions (AR)

(/usr/share/texlive/texmf-dist/tex/latex/caption/caption3.sty
Package: caption3 2016/05/22 v1.7-166 caption3 kernel (AR)
Package caption3 Info: TeX engine: e-TeX on input line 67.
\captionmargin=\dimen106
\captionmargin@=\dimen107
\captionwidth=\dimen108
\caption@tempdima=\dimen109
\caption@indent=\dimen110
\caption@parindent=\dimen111
\caption@hangindent=\dimen112
)
\c@ContinuedFloat=\count91
)
(/usr/share/texlive/texmf-dist/tex/latex/caption/subcaption.sty
Package: subcaption 2016/05/22 v1.1-161 Sub-captions (AR)
\c@subfigure=\count92
\c@subtable=\count93
)
(/usr/share/texlive/texmf-dist/tex/latex/graphics/color.sty
Package: color 2016/07/10 v1.1e Standard LaTeX Color (DPC)

(/usr/share/texlive/texmf-dist/tex/latex/graphics-cfg/color.cfg
File: color.cfg 2016/01/02 v1.6 sample color configuration
)
Package color Info: Driver file: pdftex.def on input line 147.
)
(/usr/share/texlive/texmf-dist/tex/latex/base/fixltx2e.sty
Package: fixltx2e 2016/12/29 v2.1a fixes to LaTeX (obsolete)
Applying: [2015/01/01] Old fixltx2e package on input line 46.


Package fixltx2e Warning: fixltx2e is not required with releases after 2015
(fixltx2e)                All fixes are now in the LaTeX kernel.
(fixltx2e)                See the latexrelease package for details.

Already applied: [0000/00/00] Old fixltx2e package on input line 53.
) (/usr/share/texlive/texmf-dist/tex/latex/oberdiek/epstopdf.sty
Package: epstopdf 2016/05/15 v2.6 Conversion with epstopdf on the fly (HO)

(/usr/share/texlive/texmf-dist/tex/latex/oberdiek/epstopdf-base.sty
Package: epstopdf-base 2016/05/15 v2.6 Base part for package epstopdf

(/usr/share/texlive/texmf-dist/tex/generic/oberdiek/infwarerr.sty
Package: infwarerr 2016/05/16 v1.4 Providing info/warning/error messages (HO)
)
(/usr/share/texlive/texmf-dist/tex/latex/oberdiek/grfext.sty
Package: grfext 2016/05/16 v1.2 Manage graphics extensions (HO)

(/usr/share/texlive/texmf-dist/tex/generic/oberdiek/kvdefinekeys.sty
Package: kvdefinekeys 2016/05/16 v1.4 Define keys (HO)

(/usr/share/texlive/texmf-dist/tex/generic/oberdiek/ltxcmds.sty
Package: ltxcmds 2016/05/16 v1.23 LaTeX kernel commands for general use (HO)
)))
(/usr/share/texlive/texmf-dist/tex/latex/oberdiek/kvoptions.sty
Package: kvoptions 2016/05/16 v3.12 Key value format for package options (HO)

(/usr/share/texlive/texmf-dist/tex/generic/oberdiek/kvsetkeys.sty
Package: kvsetkeys 2016/05/16 v1.17 Key value parser (HO)

(/usr/share/texlive/texmf-dist/tex/generic/oberdiek/etexcmds.sty
Package: etexcmds 2016/05/16 v1.6 Avoid name clashes with e-TeX commands (HO)

(/usr/share/texlive/texmf-dist/tex/generic/oberdiek/ifluatex.sty
Package: ifluatex 2016/05/16 v1.4 Provides the ifluatex switch (HO)
Package ifluatex Info: LuaTeX not detected.
)
Package etexcmds Info: Could not find \expanded.
(etexcmds)             That can mean that you are not using pdfTeX 1.50 or
(etexcmds)             that some package has redefined \expanded.
(etexcmds)             In the latter case, load this package earlier.
)))
(/usr/share/texlive/texmf-dist/tex/generic/oberdiek/pdftexcmds.sty
Package: pdftexcmds 2018/01/21 v0.26 Utility functions of pdfTeX for LuaTeX (HO
)

(/usr/share/texlive/texmf-dist/tex/generic/oberdiek/ifpdf.sty
Package: ifpdf 2017/03/15 v3.2 Provides the ifpdf switch
)
Package pdftexcmds Info: LuaTeX not detected.
Package pdftexcmds Info: \pdf@primitive is available.
Package pdftexcmds Info: \pdf@ifprimitive is available.
Package pdftexcmds Info: \pdfdraftmode found.
)
Package epstopdf-base Info: Redefining graphics rule for `.eps' on input line 4
38.
Package grfext Info: Graphics extension search list:
(grfext)             [.pdf,.png,.jpg,.mps,.jpeg,.jbig2,.jb2,.PDF,.PNG,.JPG,.JPE
G,.JBIG2,.JB2,.eps]
(grfext)             \AppendGraphicsExtensions on input line 456.

(/usr/share/texlive/texmf-dist/tex/latex/latexconfig/epstopdf-sys.cfg
File: epstopdf-sys.cfg 2010/07/13 v1.3 Configuration of (r)epstopdf for TeX Liv
e
)))
(/usr/share/texlive/texmf-dist/tex/latex/hyperref/hyperref.sty
Package: hyperref 2018/02/06 v6.86b Hypertext links for LaTeX

(/usr/share/texlive/texmf-dist/tex/generic/oberdiek/hobsub-hyperref.sty
Package: hobsub-hyperref 2016/05/16 v1.14 Bundle oberdiek, subset hyperref (HO)


(/usr/share/texlive/texmf-dist/tex/generic/oberdiek/hobsub-generic.sty
Package: hobsub-generic 2016/05/16 v1.14 Bundle oberdiek, subset generic (HO)
Package: hobsub 2016/05/16 v1.14 Construct package bundles (HO)
Package hobsub Info: Skipping package `infwarerr' (already loaded).
Package hobsub Info: Skipping package `ltxcmds' (already loaded).
Package hobsub Info: Skipping package `ifluatex' (already loaded).
Package: ifvtex 2016/05/16 v1.6 Detect VTeX and its facilities (HO)
Package ifvtex Info: VTeX not detected.
Package: intcalc 2016/05/16 v1.2 Expandable calculations with integers (HO)
Package hobsub Info: Skipping package `ifpdf' (already loaded).
Package hobsub Info: Skipping package `etexcmds' (already loaded).
Package hobsub Info: Skipping package `kvsetkeys' (already loaded).
Package hobsub Info: Skipping package `kvdefinekeys' (already loaded).
Package hobsub Info: Skipping package `pdftexcmds' (already loaded).
Package: pdfescape 2016/05/16 v1.14 Implements pdfTeX's escape features (HO)
Package: bigintcalc 2016/05/16 v1.4 Expandable calculations on big integers (HO
)
Package: bitset 2016/05/16 v1.2 Handle bit-vector datatype (HO)
Package: uniquecounter 2016/05/16 v1.3 Provide unlimited unique counter (HO)
)
Package hobsub Info: Skipping package `hobsub' (already loaded).
Package: letltxmacro 2016/05/16 v1.5 Let assignment for LaTeX macros (HO)
Package: hopatch 2016/05/16 v1.3 Wrapper for package hooks (HO)
Package: xcolor-patch 2016/05/16 xcolor patch
Package: atveryend 2016/05/16 v1.9 Hooks at the very end of document (HO)
Package atveryend Info: \enddocument detected (standard20110627).
Package: atbegshi 2016/06/09 v1.18 At begin shipout hook (HO)
Package: refcount 2016/05/16 v3.5 Data extraction from label references (HO)
Package: hycolor 2016/05/16 v1.8 Color options for hyperref/bookmark (HO)
)
(/usr/share/texlive/texmf-dist/tex/generic/ifxetex/ifxetex.sty
Package: ifxetex 2010/09/12 v0.6 Provides ifxetex conditional
)
(/usr/share/texlive/texmf-dist/tex/latex/oberdiek/auxhook.sty
Package: auxhook 2016/05/16 v1.4 Hooks for auxiliary files (HO)
)
\@linkdim=\dimen113
\Hy@linkcounter=\count94
\Hy@pagecounter=\count95

(/usr/share/texlive/texmf-dist/tex/latex/hyperref/pd1enc.def
File: pd1enc.def 2018/02/06 v6.86b Hyperref: PDFDocEncoding definition (HO)
)
\Hy@SavedSpaceFactor=\count96

(/usr/share/texlive/texmf-dist/tex/latex/latexconfig/hyperref.cfg
File: hyperref.cfg 2002/06/06 v1.2 hyperref configuration of TeXLive
)
Package hyperref Info: Hyper figures OFF on input line 4509.
Package hyperref Info: Link nesting OFF on input line 4514.
Package hyperref Info: Hyper index ON on input line 4517.
Package hyperref Info: Plain pages OFF on input line 4524.
Package hyperref Info: Backreferencing OFF on input line 4529.
Package hyperref Info: Implicit mode ON; LaTeX internals redefined.
Package hyperref Info: Bookmarks ON on input line 4762.
\c@Hy@tempcnt=\count97

(/usr/share/texlive/texmf-dist/tex/latex/url/url.sty
\Urlmuskip=\muskip10
Package: url 2013/09/16  ver 3.4  Verb mode for urls, etc.
)
LaTeX Info: Redefining \url on input line 5115.
\XeTeXLinkMargin=\dimen114
\Fld@menulength=\count98
\Field@Width=\dimen115
\Fld@charsize=\dimen116
Package hyperref Info: Hyper figures OFF on input line 6369.
Package hyperref Info: Link nesting OFF on input line 6374.
Package hyperref Info: Hyper index ON on input line 6377.
Package hyperref Info: backreferencing OFF on input line 6384.
Package hyperref Info: Link coloring OFF on input line 6389.
Package hyperref Info: Link coloring with OCG OFF on input line 6394.
Package hyperref Info: PDF/A mode OFF on input line 6399.
LaTeX Info: Redefining \ref on input line 6439.
LaTeX Info: Redefining \pageref on input line 6443.
\Hy@abspage=\count99
\c@Item=\count100
\c@Hfootnote=\count101
)
Package hyperref Info: Driver: hpdftex.

(/usr/share/texlive/texmf-dist/tex/latex/hyperref/hpdftex.def
File: hpdftex.def 2018/02/06 v6.86b Hyperref driver for pdfTeX
\Fld@listcount=\count102
\c@bookmark@seq@number=\count103

(/usr/share/texlive/texmf-dist/tex/latex/oberdiek/rerunfilecheck.sty
Package: rerunfilecheck 2016/05/16 v1.8 Rerun checks for auxiliary files (HO)
Package uniquecounter Info: New unique counter `rerunfilecheck' on input line 2
82.
)
\Hy@SectionHShift=\skip44
)
(/usr/share/texlive/texmf-dist/tex/latex/float/float.sty
Package: float 2001/11/08 v1.3d Float enhancements (AL)
\c@float@type=\count104
\float@exts=\toks20
\float@box=\box26
\@float@everytoks=\toks21
\@floatcapt=\box27
)
(/usr/share/texlive/texmf-dist/tex/latex/circuitikz/circuitikz.sty
Package: circuitikz 2017/05/28{} The CircuiTikz circuit drawing package version
 0.8.3

(/usr/share/texlive/texmf-dist/tex/latex/pgf/frontendlayer/tikz.sty
(/usr/share/texlive/texmf-dist/tex/latex/pgf/basiclayer/pgf.sty
(/usr/share/texlive/texmf-dist/tex/latex/pgf/utilities/pgfrcs.sty
(/usr/share/texlive/texmf-dist/tex/generic/pgf/utilities/pgfutil-common.tex
\pgfutil@everybye=\toks22
\pgfutil@tempdima=\dimen117
\pgfutil@tempdimb=\dimen118

(/usr/share/texlive/texmf-dist/tex/generic/pgf/utilities/pgfutil-common-lists.t
ex)) (/usr/share/texlive/texmf-dist/tex/generic/pgf/utilities/pgfutil-latex.def
\pgfutil@abb=\box28
(/usr/share/texlive/texmf-dist/tex/latex/ms/everyshi.sty
Package: everyshi 2001/05/15 v3.00 EveryShipout Package (MS)
))
(/usr/share/texlive/texmf-dist/tex/generic/pgf/utilities/pgfrcs.code.tex
Package: pgfrcs 2015/08/07 v3.0.1a (rcs-revision 1.31)
))
Package: pgf 2015/08/07 v3.0.1a (rcs-revision 1.15)

(/usr/share/texlive/texmf-dist/tex/latex/pgf/basiclayer/pgfcore.sty
(/usr/share/texlive/texmf-dist/tex/latex/pgf/systemlayer/pgfsys.sty
(/usr/share/texlive/texmf-dist/tex/generic/pgf/systemlayer/pgfsys.code.tex
Package: pgfsys 2014/07/09 v3.0.1a (rcs-revision 1.48)

(/usr/share/texlive/texmf-dist/tex/generic/pgf/utilities/pgfkeys.code.tex
\pgfkeys@pathtoks=\toks23
\pgfkeys@temptoks=\toks24

(/usr/share/texlive/texmf-dist/tex/generic/pgf/utilities/pgfkeysfiltered.code.t
ex
\pgfkeys@tmptoks=\toks25
))
\pgf@x=\dimen119
\pgf@y=\dimen120
\pgf@xa=\dimen121
\pgf@ya=\dimen122
\pgf@xb=\dimen123
\pgf@yb=\dimen124
\pgf@xc=\dimen125
\pgf@yc=\dimen126
\w@pgf@writea=\write3
\r@pgf@reada=\read1
\c@pgf@counta=\count105
\c@pgf@countb=\count106
\c@pgf@countc=\count107
\c@pgf@countd=\count108
\t@pgf@toka=\toks26
\t@pgf@tokb=\toks27
\t@pgf@tokc=\toks28
 (/usr/share/texlive/texmf-dist/tex/generic/pgf/systemlayer/pgf.cfg
File: pgf.cfg 2008/05/14  (rcs-revision 1.7)
)
Driver file for pgf: pgfsys-pdftex.def

(/usr/share/texlive/texmf-dist/tex/generic/pgf/systemlayer/pgfsys-pdftex.def
File: pgfsys-pdftex.def 2014/10/11  (rcs-revision 1.35)

(/usr/share/texlive/texmf-dist/tex/generic/pgf/systemlayer/pgfsys-common-pdf.de
f
File: pgfsys-common-pdf.def 2013/10/10  (rcs-revision 1.13)
)))
(/usr/share/texlive/texmf-dist/tex/generic/pgf/systemlayer/pgfsyssoftpath.code.
tex
File: pgfsyssoftpath.code.tex 2013/09/09  (rcs-revision 1.9)
\pgfsyssoftpath@smallbuffer@items=\count109
\pgfsyssoftpath@bigbuffer@items=\count110
)
(/usr/share/texlive/texmf-dist/tex/generic/pgf/systemlayer/pgfsysprotocol.code.
tex
File: pgfsysprotocol.code.tex 2006/10/16  (rcs-revision 1.4)
)) (/usr/share/texlive/texmf-dist/tex/latex/xcolor/xcolor.sty
Package: xcolor 2016/05/11 v2.12 LaTeX color extensions (UK)

(/usr/share/texlive/texmf-dist/tex/latex/graphics-cfg/color.cfg
File: color.cfg 2016/01/02 v1.6 sample color configuration
)
Package xcolor Info: Driver file: pdftex.def on input line 225.
LaTeX Info: Redefining \color on input line 709.
Package xcolor Info: Model `cmy' substituted by `cmy0' on input line 1348.
Package xcolor Info: Model `hsb' substituted by `rgb' on input line 1352.
Package xcolor Info: Model `RGB' extended on input line 1364.
Package xcolor Info: Model `HTML' substituted by `rgb' on input line 1366.
Package xcolor Info: Model `Hsb' substituted by `hsb' on input line 1367.
Package xcolor Info: Model `tHsb' substituted by `hsb' on input line 1368.
Package xcolor Info: Model `HSB' substituted by `hsb' on input line 1369.
Package xcolor Info: Model `Gray' substituted by `gray' on input line 1370.
Package xcolor Info: Model `wave' substituted by `hsb' on input line 1371.
)
(/usr/share/texlive/texmf-dist/tex/generic/pgf/basiclayer/pgfcore.code.tex
Package: pgfcore 2010/04/11 v3.0.1a (rcs-revision 1.7)

(/usr/share/texlive/texmf-dist/tex/generic/pgf/math/pgfmath.code.tex
(/usr/share/texlive/texmf-dist/tex/generic/pgf/math/pgfmathcalc.code.tex
(/usr/share/texlive/texmf-dist/tex/generic/pgf/math/pgfmathutil.code.tex)
(/usr/share/texlive/texmf-dist/tex/generic/pgf/math/pgfmathparser.code.tex
\pgfmath@dimen=\dimen127
\pgfmath@count=\count111
\pgfmath@box=\box29
\pgfmath@toks=\toks29
\pgfmath@stack@operand=\toks30
\pgfmath@stack@operation=\toks31
)
(/usr/share/texlive/texmf-dist/tex/generic/pgf/math/pgfmathfunctions.code.tex
(/usr/share/texlive/texmf-dist/tex/generic/pgf/math/pgfmathfunctions.basic.code
.tex)
(/usr/share/texlive/texmf-dist/tex/generic/pgf/math/pgfmathfunctions.trigonomet
ric.code.tex)
(/usr/share/texlive/texmf-dist/tex/generic/pgf/math/pgfmathfunctions.random.cod
e.tex)
(/usr/share/texlive/texmf-dist/tex/generic/pgf/math/pgfmathfunctions.comparison
.code.tex)
(/usr/share/texlive/texmf-dist/tex/generic/pgf/math/pgfmathfunctions.base.code.
tex)
(/usr/share/texlive/texmf-dist/tex/generic/pgf/math/pgfmathfunctions.round.code
.tex)
(/usr/share/texlive/texmf-dist/tex/generic/pgf/math/pgfmathfunctions.misc.code.
tex)
(/usr/share/texlive/texmf-dist/tex/generic/pgf/math/pgfmathfunctions.integerari
thmetics.code.tex)))
(/usr/share/texlive/texmf-dist/tex/generic/pgf/math/pgfmathfloat.code.tex
\c@pgfmathroundto@lastzeros=\count112
))
(/usr/share/texlive/texmf-dist/tex/generic/pgf/basiclayer/pgfcorepoints.code.te
x
File: pgfcorepoints.code.tex 2013/10/07  (rcs-revision 1.27)
\pgf@picminx=\dimen128
\pgf@picmaxx=\dimen129
\pgf@picminy=\dimen130
\pgf@picmaxy=\dimen131
\pgf@pathminx=\dimen132
\pgf@pathmaxx=\dimen133
\pgf@pathminy=\dimen134
\pgf@pathmaxy=\dimen135
\pgf@xx=\dimen136
\pgf@xy=\dimen137
\pgf@yx=\dimen138
\pgf@yy=\dimen139
\pgf@zx=\dimen140
\pgf@zy=\dimen141
)
(/usr/share/texlive/texmf-dist/tex/generic/pgf/basiclayer/pgfcorepathconstruct.
code.tex
File: pgfcorepathconstruct.code.tex 2013/10/07  (rcs-revision 1.29)
\pgf@path@lastx=\dimen142
\pgf@path@lasty=\dimen143
)
(/usr/share/texlive/texmf-dist/tex/generic/pgf/basiclayer/pgfcorepathusage.code
.tex
File: pgfcorepathusage.code.tex 2014/11/02  (rcs-revision 1.24)
\pgf@shorten@end@additional=\dimen144
\pgf@shorten@start@additional=\dimen145
)
(/usr/share/texlive/texmf-dist/tex/generic/pgf/basiclayer/pgfcorescopes.code.te
x
File: pgfcorescopes.code.tex 2015/05/08  (rcs-revision 1.46)
\pgfpic=\box30
\pgf@hbox=\box31
\pgf@layerbox@main=\box32
\pgf@picture@serial@count=\count113
)
(/usr/share/texlive/texmf-dist/tex/generic/pgf/basiclayer/pgfcoregraphicstate.c
ode.tex
File: pgfcoregraphicstate.code.tex 2014/11/02  (rcs-revision 1.12)
\pgflinewidth=\dimen146
)
(/usr/share/texlive/texmf-dist/tex/generic/pgf/basiclayer/pgfcoretransformation
s.code.tex
File: pgfcoretransformations.code.tex 2015/08/07  (rcs-revision 1.20)
\pgf@pt@x=\dimen147
\pgf@pt@y=\dimen148
\pgf@pt@temp=\dimen149
)
(/usr/share/texlive/texmf-dist/tex/generic/pgf/basiclayer/pgfcorequick.code.tex
File: pgfcorequick.code.tex 2008/10/09  (rcs-revision 1.3)
)
(/usr/share/texlive/texmf-dist/tex/generic/pgf/basiclayer/pgfcoreobjects.code.t
ex
File: pgfcoreobjects.code.tex 2006/10/11  (rcs-revision 1.2)
)
(/usr/share/texlive/texmf-dist/tex/generic/pgf/basiclayer/pgfcorepathprocessing
.code.tex
File: pgfcorepathprocessing.code.tex 2013/09/09  (rcs-revision 1.9)
)
(/usr/share/texlive/texmf-dist/tex/generic/pgf/basiclayer/pgfcorearrows.code.te
x
File: pgfcorearrows.code.tex 2015/05/14  (rcs-revision 1.43)
\pgfarrowsep=\dimen150
)
(/usr/share/texlive/texmf-dist/tex/generic/pgf/basiclayer/pgfcoreshade.code.tex
File: pgfcoreshade.code.tex 2013/07/15  (rcs-revision 1.15)
\pgf@max=\dimen151
\pgf@sys@shading@range@num=\count114
)
(/usr/share/texlive/texmf-dist/tex/generic/pgf/basiclayer/pgfcoreimage.code.tex
File: pgfcoreimage.code.tex 2013/07/15  (rcs-revision 1.18)

(/usr/share/texlive/texmf-dist/tex/generic/pgf/basiclayer/pgfcoreexternal.code.
tex
File: pgfcoreexternal.code.tex 2014/07/09  (rcs-revision 1.21)
\pgfexternal@startupbox=\box33
))
(/usr/share/texlive/texmf-dist/tex/generic/pgf/basiclayer/pgfcorelayers.code.te
x
File: pgfcorelayers.code.tex 2013/07/18  (rcs-revision 1.7)
)
(/usr/share/texlive/texmf-dist/tex/generic/pgf/basiclayer/pgfcoretransparency.c
ode.tex
File: pgfcoretransparency.code.tex 2013/09/30  (rcs-revision 1.5)
)
(/usr/share/texlive/texmf-dist/tex/generic/pgf/basiclayer/pgfcorepatterns.code.
tex
File: pgfcorepatterns.code.tex 2013/11/07  (rcs-revision 1.5)
)))
(/usr/share/texlive/texmf-dist/tex/generic/pgf/modules/pgfmoduleshapes.code.tex
File: pgfmoduleshapes.code.tex 2014/03/21  (rcs-revision 1.35)
\pgfnodeparttextbox=\box34
) (/usr/share/texlive/texmf-dist/tex/generic/pgf/modules/pgfmoduleplot.code.tex
File: pgfmoduleplot.code.tex 2015/08/03  (rcs-revision 1.13)
)
(/usr/share/texlive/texmf-dist/tex/latex/pgf/compatibility/pgfcomp-version-0-65
.sty
Package: pgfcomp-version-0-65 2007/07/03 v3.0.1a (rcs-revision 1.7)
\pgf@nodesepstart=\dimen152
\pgf@nodesepend=\dimen153
)
(/usr/share/texlive/texmf-dist/tex/latex/pgf/compatibility/pgfcomp-version-1-18
.sty
Package: pgfcomp-version-1-18 2007/07/23 v3.0.1a (rcs-revision 1.1)
)) (/usr/share/texlive/texmf-dist/tex/latex/pgf/utilities/pgffor.sty
(/usr/share/texlive/texmf-dist/tex/latex/pgf/utilities/pgfkeys.sty
(/usr/share/texlive/texmf-dist/tex/generic/pgf/utilities/pgfkeys.code.tex))
(/usr/share/texlive/texmf-dist/tex/latex/pgf/math/pgfmath.sty
(/usr/share/texlive/texmf-dist/tex/generic/pgf/math/pgfmath.code.tex))
(/usr/share/texlive/texmf-dist/tex/generic/pgf/utilities/pgffor.code.tex
Package: pgffor 2013/12/13 v3.0.1a (rcs-revision 1.25)

(/usr/share/texlive/texmf-dist/tex/generic/pgf/math/pgfmath.code.tex)
\pgffor@iter=\dimen154
\pgffor@skip=\dimen155
\pgffor@stack=\toks32
\pgffor@toks=\toks33
))
(/usr/share/texlive/texmf-dist/tex/generic/pgf/frontendlayer/tikz/tikz.code.tex
Package: tikz 2015/08/07 v3.0.1a (rcs-revision 1.151)

(/usr/share/texlive/texmf-dist/tex/generic/pgf/libraries/pgflibraryplothandlers
.code.tex
File: pgflibraryplothandlers.code.tex 2013/08/31 v3.0.1a (rcs-revision 1.20)
\pgf@plot@mark@count=\count115
\pgfplotmarksize=\dimen156
)
\tikz@lastx=\dimen157
\tikz@lasty=\dimen158
\tikz@lastxsaved=\dimen159
\tikz@lastysaved=\dimen160
\tikzleveldistance=\dimen161
\tikzsiblingdistance=\dimen162
\tikz@figbox=\box35
\tikz@figbox@bg=\box36
\tikz@tempbox=\box37
\tikz@tempbox@bg=\box38
\tikztreelevel=\count116
\tikznumberofchildren=\count117
\tikznumberofcurrentchild=\count118
\tikz@fig@count=\count119

(/usr/share/texlive/texmf-dist/tex/generic/pgf/modules/pgfmodulematrix.code.tex
File: pgfmodulematrix.code.tex 2013/09/17  (rcs-revision 1.8)
\pgfmatrixcurrentrow=\count120
\pgfmatrixcurrentcolumn=\count121
\pgf@matrix@numberofcolumns=\count122
)
\tikz@expandcount=\count123

(/usr/share/texlive/texmf-dist/tex/generic/pgf/frontendlayer/tikz/libraries/tik
zlibrarytopaths.code.tex
File: tikzlibrarytopaths.code.tex 2008/06/17 v3.0.1a (rcs-revision 1.2)
)))
(/usr/share/texlive/texmf-dist/tex/generic/pgf/frontendlayer/tikz/libraries/tik
zlibrarycalc.code.tex
File: tikzlibrarycalc.code.tex 2013/07/15 v3.0.1a (rcs-revision 1.9)
)
(/usr/share/texlive/texmf-dist/tex/generic/pgf/libraries/pgflibraryarrows.code.
tex
File: pgflibraryarrows.code.tex 2013/09/23 v3.0.1a (rcs-revision 1.16)
\arrowsize=\dimen163
) (/usr/share/texlive/texmf-dist/tex/generic/circuitikz/pgfcirc.defines.tex
\pgf@circ@res@up=\dimen164
\pgf@circ@res@down=\dimen165
\pgf@circ@res@zero=\dimen166
\pgf@circ@res@left=\dimen167
\pgf@circ@res@right=\dimen168
\pgf@circ@res@other=\dimen169
\pgf@circ@res@step=\dimen170
\pgf@circ@res@temp=\dimen171
\pgfstartlinewidth=\dimen172
\pgf@circ@Rlen=\dimen173
) (/usr/share/texlive/texmf-dist/tex/generic/circuitikz/pgfcircutils.tex)
(/usr/share/texlive/texmf-dist/tex/generic/circuitikz/pgfcircshapes.tex)
(/usr/share/texlive/texmf-dist/tex/generic/circuitikz/pgfcircmonopoles.tex)
(/usr/share/texlive/texmf-dist/tex/generic/circuitikz/pgfcircbipoles.tex)
(/usr/share/texlive/texmf-dist/tex/generic/circuitikz/pgfcirctripoles.tex)
(/usr/share/texlive/texmf-dist/tex/generic/circuitikz/pgfcircquadpoles.tex)
(/usr/share/texlive/texmf-dist/tex/generic/circuitikz/pgfcirclabel.tex)
(/usr/share/texlive/texmf-dist/tex/generic/circuitikz/pgfcircvoltage.tex)
(/usr/share/texlive/texmf-dist/tex/generic/circuitikz/pgfcirccurrent.tex)
(/usr/share/texlive/texmf-dist/tex/generic/circuitikz/pgfcircflow.tex)
(/usr/share/texlive/texmf-dist/tex/generic/circuitikz/pgfcircpath.tex))
(/usr/share/texlive/texmf-dist/tex/latex/multirow/multirow.sty
Package: multirow 2016/11/25 v2.2 Span multiple rows of a table
\multirow@colwidth=\skip45
\multirow@cntb=\count124
\multirow@dima=\skip46
\bigstrutjot=\dimen174
)
(./bootloader.aux (./preface.aux) (./principle.aux) (./AVRhardware.aux)
(./optiboot.aux) (./AVRdata.aux) (./USBserial.aux))
\openout1 = `bootloader.aux'.

LaTeX Font Info:    Checking defaults for OML/cmm/m/it on input line 21.
LaTeX Font Info:    ... okay on input line 21.
LaTeX Font Info:    Checking defaults for T1/cmr/m/n on input line 21.
LaTeX Font Info:    ... okay on input line 21.
LaTeX Font Info:    Checking defaults for OT1/cmr/m/n on input line 21.
LaTeX Font Info:    ... okay on input line 21.
LaTeX Font Info:    Checking defaults for OMS/cmsy/m/n on input line 21.
LaTeX Font Info:    ... okay on input line 21.
LaTeX Font Info:    Checking defaults for OMX/cmex/m/n on input line 21.
LaTeX Font Info:    ... okay on input line 21.
LaTeX Font Info:    Checking defaults for U/cmr/m/n on input line 21.
LaTeX Font Info:    ... okay on input line 21.
LaTeX Font Info:    Checking defaults for PD1/pdf/m/n on input line 21.
LaTeX Font Info:    ... okay on input line 21.
LaTeX Font Info:    Try loading font information for T1+lmr on input line 21.

(/usr/share/texmf/tex/latex/lm/t1lmr.fd
File: t1lmr.fd 2009/10/30 v1.6 Font defs for Latin Modern
)
(/usr/share/texlive/texmf-dist/tex/latex/ucs/ucsencs.def
File: ucsencs.def 2011/01/21 Fixes to fontencodings LGR, T3
)
(/usr/share/texlive/texmf-dist/tex/context/base/mkii/supp-pdf.mkii
[Loading MPS to PDF converter (version 2006.09.02).]
\scratchcounter=\count125
\scratchdimen=\dimen175
\scratchbox=\box39
\nofMPsegments=\count126
\nofMParguments=\count127
\everyMPshowfont=\toks34
\MPscratchCnt=\count128
\MPscratchDim=\dimen176
\MPnumerator=\count129
\makeMPintoPDFobject=\count130
\everyMPtoPDFconversion=\toks35
)
Package caption Info: Begin \AtBeginDocument code.
Package caption Info: float package is loaded.
Package caption Info: hyperref package is loaded.
Package caption Info: End \AtBeginDocument code.
\AtBeginShipoutBox=\box40
Package hyperref Info: Link coloring OFF on input line 21.
 (/usr/share/texlive/texmf-dist/tex/latex/hyperref/nameref.sty
Package: nameref 2016/05/21 v2.44 Cross-referencing by name of section

(/usr/share/texlive/texmf-dist/tex/generic/oberdiek/gettitlestring.sty
Package: gettitlestring 2016/05/16 v1.5 Cleanup title references (HO)
)
\c@section@level=\count131
)
LaTeX Info: Redefining \ref on input line 21.
LaTeX Info: Redefining \pageref on input line 21.
LaTeX Info: Redefining \nameref on input line 21.

(./bootloader.out) (./bootloader.out)
\@outlinefile=\write4
\openout4 = `bootloader.out'.

 ABD: EveryShipout initializing macros
LaTeX Font Info:    Try loading font information for OT1+lmr on input line 31.

(/usr/share/texmf/tex/latex/lm/ot1lmr.fd
File: ot1lmr.fd 2009/10/30 v1.6 Font defs for Latin Modern
)
LaTeX Font Info:    Try loading font information for OML+lmm on input line 31.

(/usr/share/texmf/tex/latex/lm/omllmm.fd
File: omllmm.fd 2009/10/30 v1.6 Font defs for Latin Modern
)
LaTeX Font Info:    Try loading font information for OMS+lmsy on input line 31.


(/usr/share/texmf/tex/latex/lm/omslmsy.fd
File: omslmsy.fd 2009/10/30 v1.6 Font defs for Latin Modern
)
LaTeX Font Info:    Try loading font information for OMX+lmex on input line 31.


(/usr/share/texmf/tex/latex/lm/omxlmex.fd
File: omxlmex.fd 2009/10/30 v1.6 Font defs for Latin Modern
)
LaTeX Font Info:    External font `lmex10' loaded for size
(Font)              <14.4> on input line 31.
LaTeX Font Info:    External font `lmex10' loaded for size
(Font)              <10> on input line 31.
LaTeX Font Info:    External font `lmex10' loaded for size
(Font)              <7> on input line 31.

(/usr/share/texlive/texmf-dist/tex/latex/ucs/data/uni-0.def
File: uni-0.def 2013/05/13 UCS: Unicode data U+0000..U+00FF
)
LaTeX Font Info:    Try loading font information for T1+lmtt on input line 31.

(/usr/share/texmf/tex/latex/lm/t1lmtt.fd
File: t1lmtt.fd 2009/10/30 v1.6 Font defs for Latin Modern
) [1


Non-PDF special ignored!{/var/lib/texmf/fonts/map/pdftex/updmap/pdftex.map}]
(./bootloader.toc
LaTeX Font Info:    External font `lmex10' loaded for size
(Font)              <12> on input line 4.
LaTeX Font Info:    External font `lmex10' loaded for size
(Font)              <8> on input line 4.
LaTeX Font Info:    External font `lmex10' loaded for size
(Font)              <6> on input line 4.
pdfTeX warning (ext4): destination with the same identifier (name{page.1}) has 
been already used, duplicate ignored
<to be read again> 
                   \relax 
l.41 ...e ATtiny861 family}{47}{subsection.3.9.16}
                                                   [1

])
\tf@toc=\write5
\openout5 = `bootloader.toc'.

 [2]
\openout2 = `preface.aux'.

 (./preface.tex)
[3

]
\openout2 = `principle.aux'.

 (./principle.tex
Chapter 1.
Package epstopdf Info: Source file: <../FIG/ablauf.eps>
(epstopdf)                    date: 2020-07-10 19:24:39
(epstopdf)                    size: 16407 bytes
(epstopdf)             Output file: <../FIG/ablauf-eps-converted-to.pdf>
(epstopdf)                    date: 2020-07-10 19:24:42
(epstopdf)                    size: 8451 bytes
(epstopdf)             Command: <epstopdf --outfile=../FIG/ablauf-eps-converted
-to.pdf ../FIG/ablauf.eps>
(epstopdf)             \includegraphics on input line 47.
Package epstopdf Info: Output file is already uptodate.


pdfTeX warning: pdflatex (file ../FIG/ablauf-eps-converted-to.pdf): PDF inclusi
on: found PDF version <1.7>, but at most version <1.5> allowed
<../FIG/ablauf-eps-converted-to.pdf, id=301, 258.9675pt x 388.45125pt>
File: ../FIG/ablauf-eps-converted-to.pdf Graphic file (type pdf)
<use ../FIG/ablauf-eps-converted-to.pdf>
Package pdftex.def Info: ../FIG/ablauf-eps-converted-to.pdf  used on input line
 47.
(pdftex.def)             Requested size: 258.96684pt x 388.45029pt.
[4



]) [5 <../FIG/ablauf-eps-converted-to.pdf>]
\openout2 = `AVRhardware.aux'.

 (./AVRhardware.tex
Chapter 2.
Package epstopdf Info: Source file: <../FIG/avr_block.eps>
(epstopdf)                    date: 2020-07-10 19:24:38
(epstopdf)                    size: 28004 bytes
(epstopdf)             Output file: <../FIG/avr_block-eps-converted-to.pdf>
(epstopdf)                    date: 2020-07-10 19:24:42
(epstopdf)                    size: 10831 bytes
(epstopdf)             Command: <epstopdf --outfile=../FIG/avr_block-eps-conver
ted-to.pdf ../FIG/avr_block.eps>
(epstopdf)             \includegraphics on input line 16.
Package epstopdf Info: Output file is already uptodate.


pdfTeX warning: pdflatex (file ../FIG/avr_block-eps-converted-to.pdf): PDF incl
usion: found PDF version <1.7>, but at most version <1.5> allowed
<../FIG/avr_block-eps-converted-to.pdf, id=317, 458.71375pt x 403.5075pt>
File: ../FIG/avr_block-eps-converted-to.pdf Graphic file (type pdf)
<use ../FIG/avr_block-eps-converted-to.pdf>
Package pdftex.def Info: ../FIG/avr_block-eps-converted-to.pdf  used on input l
ine 16.
(pdftex.def)             Requested size: 458.71263pt x 403.50652pt.
[6



] [7 <../FIG/avr_block-eps-converted-to.pdf>]
Package epstopdf Info: Source file: <../FIG/port.eps>
(epstopdf)                    date: 2020-07-10 19:24:38
(epstopdf)                    size: 20498 bytes
(epstopdf)             Output file: <../FIG/port-eps-converted-to.pdf>
(epstopdf)                    date: 2020-07-10 19:24:42
(epstopdf)                    size: 9283 bytes
(epstopdf)             Command: <epstopdf --outfile=../FIG/port-eps-converted-t
o.pdf ../FIG/port.eps>
(epstopdf)             \includegraphics on input line 82.
Package epstopdf Info: Output file is already uptodate.


pdfTeX warning: pdflatex (file ../FIG/port-eps-converted-to.pdf): PDF inclusion
: found PDF version <1.7>, but at most version <1.5> allowed
<../FIG/port-eps-converted-to.pdf, id=336, 241.90375pt x 123.46124pt>
File: ../FIG/port-eps-converted-to.pdf Graphic file (type pdf)
<use ../FIG/port-eps-converted-to.pdf>
Package pdftex.def Info: ../FIG/port-eps-converted-to.pdf  used on input line 8
2.
(pdftex.def)             Requested size: 241.90315pt x 123.46092pt.
[8 <../FIG/port-eps-converted-to.pdf>]
Package epstopdf Info: Source file: <../FIG/boot_pages.eps>
(epstopdf)                    date: 2020-07-10 19:24:38
(epstopdf)                    size: 17182 bytes
(epstopdf)             Output file: <../FIG/boot_pages-eps-converted-to.pdf>
(epstopdf)                    date: 2020-07-10 19:24:42
(epstopdf)                    size: 9000 bytes
(epstopdf)             Command: <epstopdf --outfile=../FIG/boot_pages-eps-conve
rted-to.pdf ../FIG/boot_pages.eps>
(epstopdf)             \includegraphics on input line 170.
Package epstopdf Info: Output file is already uptodate.


pdfTeX warning: pdflatex (file ../FIG/boot_pages-eps-converted-to.pdf): PDF inc
lusion: found PDF version <1.7>, but at most version <1.5> allowed
<../FIG/boot_pages-eps-converted-to.pdf, id=352, 433.62pt x 768.8725pt>
File: ../FIG/boot_pages-eps-converted-to.pdf Graphic file (type pdf)
<use ../FIG/boot_pages-eps-converted-to.pdf>
Package pdftex.def Info: ../FIG/boot_pages-eps-converted-to.pdf  used on input 
line 170.
(pdftex.def)             Requested size: 341.43306pt x 605.44337pt.
[9]
Overfull \hbox (2.25935pt too wide) in paragraph at lines 176--185
[]\T1/lmr/m/n/12 The AT-mega168 can se-lect a boot-loader size of 256 bytes (BO
OTSZ=3), 512 Bytes (BOOTSZ=2),
 []

[10 <../FIG/boot_pages-eps-converted-to.pdf>] [11]
Package epstopdf Info: Source file: <../FIG/ISP.eps>
(epstopdf)                    date: 2020-07-10 19:24:39
(epstopdf)                    size: 15368 bytes
(epstopdf)             Output file: <../FIG/ISP-eps-converted-to.pdf>
(epstopdf)                    date: 2020-07-10 19:24:42
(epstopdf)                    size: 7022 bytes
(epstopdf)             Command: <epstopdf --outfile=../FIG/ISP-eps-converted-to
.pdf ../FIG/ISP.eps>
(epstopdf)             \includegraphics on input line 320.
Package epstopdf Info: Output file is already uptodate.


pdfTeX warning: pdflatex (file ../FIG/ISP-eps-converted-to.pdf): PDF inclusion:
 found PDF version <1.7>, but at most version <1.5> allowed
<../FIG/ISP-eps-converted-to.pdf, id=375, 314.17375pt x 147.55125pt>
File: ../FIG/ISP-eps-converted-to.pdf Graphic file (type pdf)
<use ../FIG/ISP-eps-converted-to.pdf>
Package pdftex.def Info: ../FIG/ISP-eps-converted-to.pdf  used on input line 32
0.
(pdftex.def)             Requested size: 341.43306pt x 160.3616pt.
[12 <../FIG/ISP-eps-converted-to.pdf>]
Package epstopdf Info: Source file: <../FIG/UM232.eps>
(epstopdf)                    date: 2020-07-10 19:24:39
(epstopdf)                    size: 22389 bytes
(epstopdf)             Output file: <../FIG/UM232-eps-converted-to.pdf>
(epstopdf)                    date: 2020-07-10 19:24:42
(epstopdf)                    size: 8878 bytes
(epstopdf)             Command: <epstopdf --outfile=../FIG/UM232-eps-converted-
to.pdf ../FIG/UM232.eps>
(epstopdf)             \includegraphics on input line 371.
Package epstopdf Info: Output file is already uptodate.


pdfTeX warning: pdflatex (file ../FIG/UM232-eps-converted-to.pdf): PDF inclusio
n: found PDF version <1.7>, but at most version <1.5> allowed
<../FIG/UM232-eps-converted-to.pdf, id=388, 380.42125pt x 131.49126pt>
File: ../FIG/UM232-eps-converted-to.pdf Graphic file (type pdf)
<use ../FIG/UM232-eps-converted-to.pdf>
Package pdftex.def Info: ../FIG/UM232-eps-converted-to.pdf  used on input line 
371.
(pdftex.def)             Requested size: 341.43306pt x 118.01799pt.
[13 <../FIG/UM232-eps-converted-to.pdf>]) [14]
\openout2 = `optiboot.aux'.

 (./optiboot.tex
Chapter 3.

Underfull \hbox (badness 10000) in paragraph at lines 49--56

 []

[15



]
LaTeX Font Info:    Try loading font information for OMS+lmr on input line 60.
 (/usr/share/texmf/tex/latex/lm/omslmr.fd
File: omslmr.fd 2009/10/30 v1.6 Font defs for Latin Modern
)
LaTeX Font Info:    Font shape `OMS/lmr/m/n' in size <12> not available
(Font)              Font shape `OMS/lmsy/m/n' tried instead on input line 60.
 [16] [17]
Overfull \hbox (6.94478pt too wide) in paragraph at lines 185--190
\T1/lmr/m/n/12 for-mat. The build_hex.sh scripts call some help-ing scripts as 
get_avr_params.sh, avr_family.sh,
 []


Overfull \hbox (20.28589pt too wide) in paragraph at lines 199--205
[]\T1/lmr/m/n/12 makes only one avr-dude call with the params given by the vari
-able DUDE_PARAMS
 []

[18] [19]
Overfull \hbox (71.96492pt too wide) in paragraph at lines 364--420
 [] 
 []

[20] [21]
Overfull \hbox (12.25328pt too wide) in paragraph at lines 441--470
 [] 
 []


Overfull \hbox (30.65001pt too wide) in paragraph at lines 477--517
 [] 
 []

[22]
Package epstopdf Info: Source file: <../FIG/VectorMove.eps>
(epstopdf)                    date: 2020-07-10 19:24:39
(epstopdf)                    size: 17155 bytes
(epstopdf)             Output file: <../FIG/VectorMove-eps-converted-to.pdf>
(epstopdf)                    date: 2020-07-10 19:24:42
(epstopdf)                    size: 7506 bytes
(epstopdf)             Command: <epstopdf --outfile=../FIG/VectorMove-eps-conve
rted-to.pdf ../FIG/VectorMove.eps>
(epstopdf)             \includegraphics on input line 540.
Package epstopdf Info: Output file is already uptodate.


pdfTeX warning: pdflatex (file ../FIG/VectorMove-eps-converted-to.pdf): PDF inc
lusion: found PDF version <1.7>, but at most version <1.5> allowed
<../FIG/VectorMove-eps-converted-to.pdf, id=456, 278.03876pt x 466.74374pt>
File: ../FIG/VectorMove-eps-converted-to.pdf Graphic file (type pdf)
<use ../FIG/VectorMove-eps-converted-to.pdf>
Package pdftex.def Info: ../FIG/VectorMove-eps-converted-to.pdf  used on input 
line 540.
(pdftex.def)             Requested size: 278.03807pt x 466.7426pt.
[23] [24 <../FIG/VectorMove-eps-converted-to.pdf>]
Package epstopdf Info: Source file: <../FIG/uart_getch_timing.eps>
(epstopdf)                    date: 2020-07-10 19:24:40
(epstopdf)                    size: 23675 bytes
(epstopdf)             Output file: <../FIG/uart_getch_timing-eps-converted-to.
pdf>
(epstopdf)                    date: 2020-07-10 19:24:42
(epstopdf)                    size: 11506 bytes
(epstopdf)             Command: <epstopdf --outfile=../FIG/uart_getch_timing-ep
s-converted-to.pdf ../FIG/uart_getch_timing.eps>
(epstopdf)             \includegraphics on input line 613.
Package epstopdf Info: Output file is already uptodate.


pdfTeX warning: pdflatex (file ../FIG/uart_getch_timing-eps-converted-to.pdf): 
PDF inclusion: found PDF version <1.7>, but at most version <1.5> allowed
<../FIG/uart_getch_timing-eps-converted-to.pdf, id=476, 443.6575pt x 775.89874p
t>
File: ../FIG/uart_getch_timing-eps-converted-to.pdf Graphic file (type pdf)
<use ../FIG/uart_getch_timing-eps-converted-to.pdf>
Package pdftex.def Info: ../FIG/uart_getch_timing-eps-converted-to.pdf  used on
 input line 613.
(pdftex.def)             Requested size: 443.6564pt x 775.89685pt.
[25]
Package epstopdf Info: Source file: <../FIG/uart_putch_timing.eps>
(epstopdf)                    date: 2020-07-10 19:24:40
(epstopdf)                    size: 22716 bytes
(epstopdf)             Output file: <../FIG/uart_putch_timing-eps-converted-to.
pdf>
(epstopdf)                    date: 2020-07-10 19:24:43
(epstopdf)                    size: 12416 bytes
(epstopdf)             Command: <epstopdf --outfile=../FIG/uart_putch_timing-ep
s-converted-to.pdf ../FIG/uart_putch_timing.eps>
(epstopdf)             \includegraphics on input line 621.
Package epstopdf Info: Output file is already uptodate.


pdfTeX warning: pdflatex (file ../FIG/uart_putch_timing-eps-converted-to.pdf): 
PDF inclusion: found PDF version <1.7>, but at most version <1.5> allowed
<../FIG/uart_putch_timing-eps-converted-to.pdf, id=483, 389.455pt x 417.56pt>
File: ../FIG/uart_putch_timing-eps-converted-to.pdf Graphic file (type pdf)
<use ../FIG/uart_putch_timing-eps-converted-to.pdf>
Package pdftex.def Info: ../FIG/uart_putch_timing-eps-converted-to.pdf  used on
 input line 621.
(pdftex.def)             Requested size: 389.45404pt x 417.55896pt.
[26 <../FIG/uart_getch_timing-eps-converted-to.pdf>] [27 <../FIG/uart_putch_tim
ing-eps-converted-to.pdf>] [28]
Package epstopdf Info: Source file: <../FIG/OneWire_simple.eps>
(epstopdf)                    date: 2020-07-10 19:24:41
(epstopdf)                    size: 15673 bytes
(epstopdf)             Output file: <../FIG/OneWire_simple-eps-converted-to.pdf
>
(epstopdf)                    date: 2020-07-10 19:24:43
(epstopdf)                    size: 7175 bytes
(epstopdf)             Command: <epstopdf --outfile=../FIG/OneWire_simple-eps-c
onverted-to.pdf ../FIG/OneWire_simple.eps>
(epstopdf)             \includegraphics on input line 739.
Package epstopdf Info: Output file is already uptodate.


pdfTeX warning: pdflatex (file ../FIG/OneWire_simple-eps-converted-to.pdf): PDF
 inclusion: found PDF version <1.7>, but at most version <1.5> allowed
<../FIG/OneWire_simple-eps-converted-to.pdf, id=512, 303.1325pt x 191.71625pt>
File: ../FIG/OneWire_simple-eps-converted-to.pdf Graphic file (type pdf)
<use ../FIG/OneWire_simple-eps-converted-to.pdf>
Package pdftex.def Info: ../FIG/OneWire_simple-eps-converted-to.pdf  used on in
put line 739.
(pdftex.def)             Requested size: 303.13176pt x 191.71577pt.
Package epstopdf Info: Source file: <../FIG/OneWire.eps>
(epstopdf)                    date: 2020-07-22 13:46:35
(epstopdf)                    size: 36659 bytes
(epstopdf)             Output file: <../FIG/OneWire-eps-converted-to.pdf>
(epstopdf)                    date: 2020-07-22 13:46:36
(epstopdf)                    size: 17526 bytes
(epstopdf)             Command: <epstopdf --outfile=../FIG/OneWire-eps-converte
d-to.pdf ../FIG/OneWire.eps>
(epstopdf)             \includegraphics on input line 758.
Package epstopdf Info: Output file is already uptodate.


pdfTeX warning: pdflatex (file ../FIG/OneWire-eps-converted-to.pdf): PDF inclus
ion: found PDF version <1.7>, but at most version <1.5> allowed
<../FIG/OneWire-eps-converted-to.pdf, id=514, 850.17625pt x 528.97626pt>
File: ../FIG/OneWire-eps-converted-to.pdf Graphic file (type pdf)
<use ../FIG/OneWire-eps-converted-to.pdf>
Package pdftex.def Info: ../FIG/OneWire-eps-converted-to.pdf  used on input lin
e 758.
(pdftex.def)             Requested size: 850.17418pt x 528.97496pt.
[29 <../FIG/OneWire_simple-eps-converted-to.pdf>] [30 <../FIG/OneWire-eps-conve
rted-to.pdf>]
Package epstopdf Info: Source file: <../FIG/AutoBaud.eps>
(epstopdf)                    date: 2020-07-10 19:24:41
(epstopdf)                    size: 19161 bytes
(epstopdf)             Output file: <../FIG/AutoBaud-eps-converted-to.pdf>
(epstopdf)                    date: 2020-07-10 19:24:43
(epstopdf)                    size: 7055 bytes
(epstopdf)             Command: <epstopdf --outfile=../FIG/AutoBaud-eps-convert
ed-to.pdf ../FIG/AutoBaud.eps>
(epstopdf)             \includegraphics on input line 827.
Package epstopdf Info: Output file is already uptodate.


pdfTeX warning: pdflatex (file ../FIG/AutoBaud-eps-converted-to.pdf): PDF inclu
sion: found PDF version <1.7>, but at most version <1.5> allowed
<../FIG/AutoBaud-eps-converted-to.pdf, id=545, 894.34125pt x 225.84375pt>
File: ../FIG/AutoBaud-eps-converted-to.pdf Graphic file (type pdf)
<use ../FIG/AutoBaud-eps-converted-to.pdf>
Package pdftex.def Info: ../FIG/AutoBaud-eps-converted-to.pdf  used on input li
ne 827.
(pdftex.def)             Requested size: 894.33907pt x 225.84319pt.
[31 <../FIG/AutoBaud-eps-converted-to.pdf>] [32]
Overfull \hbox (31.84885pt too wide) in paragraph at lines 956--971
\T1/lmr/m/n/12 the flash-ing LED func-tion. For some pro-ces-sors you can se-le
ct the ad-di-tional func-tion LED_DATA_FLASH
 []

[33] [34] [35] [36]
Overfull \hbox (0.37563pt too wide) in paragraph at lines 1283--1283
[] \T1/lmtt/m/n/12 -DSUPPORT_EEPROM=1 -DLED=pB5 -DUART=00 -DSOFT_UART=0 -DUART_
RX=pD0 -DUART_TX=pD1 \[] 
 []


Overfull \hbox (6.55063pt too wide) in paragraph at lines 1318--1318
[] \T1/lmtt/m/n/12 -DSUPPORT_EEPROM=1 -DLED=pB5 -DUART=00 -DSOFT_UART=01 -DUART
_RX=pD0 -DUART_TX=pD1 \[] 
 []


Overfull \hbox (25.06863pt too wide) in paragraph at lines 1318--1318
[]\T1/lmtt/m/n/12 BAUD RATE CHECK: Desired: 115200, SoftUART_Real: 115107, Dela
y: 116*1, Difference=-.07%[] 
 []

[37]
Overfull \hbox (0.37563pt too wide) in paragraph at lines 1363--1363
[]\T1/lmtt/m/n/12 Simple Baudrate measurement with time limit implemented in op
tiboot! (4-bit, CLK/8)[] 
 []

[38]
Overfull \hbox (0.37563pt too wide) in paragraph at lines 1398--1398
[] \T1/lmtt/m/n/12 -DSUPPORT_EEPROM=1 -DLED=pB5 -DUART=00 -DSOFT_UART=0 -DUART_
RX=pD0 -DUART_TX=pD1 \[] 
 []


Overfull \hbox (13.2642pt too wide) in paragraph at lines 1401--1401
[]\T1/lmr/bx/n/17.28 Clock Fre-quency Cor-rec-tion of the in-ter-nal RC-Generat
or 
 []

[39] [40] [41] [42] [43] [44] [45] [46] [47] [48]) [49]
\openout2 = `AVRdata.aux'.

 (./AVRdata.tex
Chapter 4.
[50



] [51] [52] [53] [54] [55]) [56]
\openout2 = `USBserial.aux'.

 (./USBserial.tex
Chapter 5.

Overfull \hbox (160.9117pt too wide) in paragraph at lines 42--42
[]\T1/lmtt/m/n/12 Bus 002 Device 093: ID 10c4:ea60 Cygnal Integrated Products, 
Inc. CP210x UART Bridge / myAVR mySmartUSB light[] 
 []


Overfull \hbox (105.33667pt too wide) in paragraph at lines 42--42
[]\T1/lmtt/m/n/12 Bus 002 Device 076: ID 0403:6001 Future Technology Devices In
ternational, Ltd FT232 Serial (UART) IC[] 
 []

[57



] [58] [59]
Overfull \hbox (105.33667pt too wide) in paragraph at lines 220--220
[]\T1/lmtt/m/n/12 Bus 002 Device 076: ID 0403:6001 Future Technology Devices In
ternational, Ltd FT232 Serial (UART) IC[] 
 []

[60] [61] [62] [63] [64] [65]) [66] [67


]
Underfull \hbox (badness 10000) in paragraph at lines 221--226
[][]$\T1/lmtt/m/n/12 http : / / www . cs . ou . edu / ~fagg / classes / general
 / atmel / avrdude . pdf$[] \T1/lmr/m/it/12 AVR-DUDE User-
 []

[68]
Package atveryend Info: Empty hook `BeforeClearDocument' on input line 276.
Package atveryend Info: Empty hook `AfterLastShipout' on input line 276.
 (./bootloader.aux (./preface.aux) (./principle.aux) (./AVRhardware.aux)
(./optiboot.aux) (./AVRdata.aux) (./USBserial.aux))
Package atveryend Info: Executing hook `AtVeryEndDocument' on input line 276.
Package atveryend Info: Executing hook `AtEndAfterFileList' on input line 276.
Package rerunfilecheck Info: File `bootloader.out' has not changed.
(rerunfilecheck)             Checksum: 505D688FF15B6072A6909B5D149D1F74;4795.
Package atveryend Info: Empty hook `AtVeryVeryEnd' on input line 276.
 ) 
Here is how much of TeX's memory you used:
 25078 strings out of 492982
 546814 string characters out of 6134897
 738914 words of memory out of 5000000
 27964 multiletter control sequences out of 15000+600000
 58474 words of font info for 47 fonts, out of 8000000 for 9000
 1141 hyphenation exceptions out of 8191
 62i,9n,56p,434b,661s stack positions out of 5000i,500n,10000p,200000b,80000s
{/usr/share/texmf/fonts/enc/dvips/lm/lm-ec.enc}{/usr/share/texmf/fonts/enc/dv
ips/lm/lm-mathit.enc}{/usr/share/texmf/fonts/enc/dvips/lm/lm-rm.enc}{/usr/share
/texmf/fonts/enc/dvips/lm/lm-mathsy.enc}</usr/share/texmf/fonts/type1/public/lm
/lmbx12.pfb></usr/share/texmf/fonts/type1/public/lm/lmmi12.pfb></usr/share/texm
f/fonts/type1/public/lm/lmr12.pfb></usr/share/texmf/fonts/type1/public/lm/lmr17
.pfb></usr/share/texmf/fonts/type1/public/lm/lmri12.pfb></usr/share/texmf/fonts
/type1/public/lm/lmsy10.pfb></usr/share/texmf/fonts/type1/public/lm/lmtt12.pfb>

Output written on bootloader.pdf (69 pages, 439025 bytes).
PDF statistics:
 927 PDF objects out of 1000 (max. 8388607)
 812 compressed objects within 9 object streams
 226 named destinations out of 1000 (max. 500000)
 505 words of extra memory for PDF output out of 10000 (max. 10000000)

